Aug 16, 2017 1:05:53 PM org.apache.catalina.startup.VersionLoggerListener log
INFO: Server version:        Apache Tomcat/7.0.69
Aug 16, 2017 1:05:53 PM org.apache.catalina.startup.VersionLoggerListener log
INFO: Server built:          Apr 11 2016 07:57:09 UTC
Aug 16, 2017 1:05:53 PM org.apache.catalina.startup.VersionLoggerListener log
INFO: Server number:         7.0.69.0
Aug 16, 2017 1:05:53 PM org.apache.catalina.startup.VersionLoggerListener log
INFO: OS Name:               Windows 10
Aug 16, 2017 1:05:53 PM org.apache.catalina.startup.VersionLoggerListener log
INFO: OS Version:            10.0
Aug 16, 2017 1:05:53 PM org.apache.catalina.startup.VersionLoggerListener log
INFO: Architecture:          amd64
Aug 16, 2017 1:05:53 PM org.apache.catalina.startup.VersionLoggerListener log
INFO: Java Home:             C:\Program Files\Java\jdk1.8.0_77\jre
Aug 16, 2017 1:05:53 PM org.apache.catalina.startup.VersionLoggerListener log
INFO: JVM Version:           1.8.0_77-b03
Aug 16, 2017 1:05:53 PM org.apache.catalina.startup.VersionLoggerListener log
INFO: JVM Vendor:            Oracle Corporation
Aug 16, 2017 1:05:53 PM org.apache.catalina.startup.VersionLoggerListener log
INFO: CATALINA_BASE:         C:\Users\uday\Desktop\sample proj\SampleBuild\AplicationServer\apache-tomcat-7.0.69
Aug 16, 2017 1:05:53 PM org.apache.catalina.startup.VersionLoggerListener log
INFO: CATALINA_HOME:         C:\Users\uday\Desktop\sample proj\SampleBuild\AplicationServer\apache-tomcat-7.0.69
Aug 16, 2017 1:05:53 PM org.apache.catalina.startup.VersionLoggerListener log
INFO: Command line argument: -Djdk.tls.ephemeralDHKeySize=2048
Aug 16, 2017 1:05:53 PM org.apache.catalina.startup.VersionLoggerListener log
INFO: Command line argument: -Djava.util.logging.config.file=C:\Users\uday\Desktop\sample proj\SampleBuild\AplicationServer\apache-tomcat-7.0.69\conf\logging.properties
Aug 16, 2017 1:05:53 PM org.apache.catalina.startup.VersionLoggerListener log
INFO: Command line argument: -Djava.util.logging.manager=org.apache.juli.ClassLoaderLogManager
Aug 16, 2017 1:05:53 PM org.apache.catalina.startup.VersionLoggerListener log
INFO: Command line argument: -Djava.endorsed.dirs=C:\Users\uday\Desktop\sample proj\SampleBuild\AplicationServer\apache-tomcat-7.0.69\endorsed
Aug 16, 2017 1:05:53 PM org.apache.catalina.startup.VersionLoggerListener log
INFO: Command line argument: -Dcatalina.base=C:\Users\uday\Desktop\sample proj\SampleBuild\AplicationServer\apache-tomcat-7.0.69
Aug 16, 2017 1:05:53 PM org.apache.catalina.startup.VersionLoggerListener log
INFO: Command line argument: -Dcatalina.home=C:\Users\uday\Desktop\sample proj\SampleBuild\AplicationServer\apache-tomcat-7.0.69
Aug 16, 2017 1:05:53 PM org.apache.catalina.startup.VersionLoggerListener log
INFO: Command line argument: -Djava.io.tmpdir=C:\Users\uday\Desktop\sample proj\SampleBuild\AplicationServer\apache-tomcat-7.0.69\temp
Aug 16, 2017 1:05:53 PM org.apache.catalina.core.AprLifecycleListener lifecycleEvent
INFO: Loaded APR based Apache Tomcat Native library 1.1.33 using APR version 1.5.1.
Aug 16, 2017 1:05:53 PM org.apache.catalina.core.AprLifecycleListener lifecycleEvent
INFO: APR capabilities: IPv6 [true], sendfile [true], accept filters [false], random [true].
Aug 16, 2017 1:05:54 PM org.apache.catalina.core.AprLifecycleListener initializeSSL
INFO: OpenSSL successfully initialized (OpenSSL 1.0.1m 19 Mar 2015)
Aug 16, 2017 1:05:57 PM org.apache.coyote.AbstractProtocol init
INFO: Initializing ProtocolHandler ["http-apr-7070"]
Aug 16, 2017 1:05:57 PM org.apache.coyote.AbstractProtocol init
INFO: Initializing ProtocolHandler ["ajp-apr-8009"]
Aug 16, 2017 1:05:57 PM org.apache.catalina.startup.Catalina load
INFO: Initialization processed in 7696 ms
Aug 16, 2017 1:05:57 PM org.apache.catalina.core.StandardService startInternal
INFO: Starting service Catalina
Aug 16, 2017 1:05:57 PM org.apache.catalina.core.StandardEngine startInternal
INFO: Starting Servlet Engine: Apache Tomcat/7.0.69
Aug 16, 2017 1:05:57 PM org.apache.catalina.startup.HostConfig deployWAR
INFO: Deploying web application archive C:\Users\uday\Desktop\sample proj\SampleBuild\AplicationServer\apache-tomcat-7.0.69\webapps\hello.war
Aug 16, 2017 1:05:59 PM org.apache.catalina.util.SessionIdGeneratorBase createSecureRandom
INFO: Creation of SecureRandom instance for session ID generation using [SHA1PRNG] took [297] milliseconds.
Aug 16, 2017 1:05:59 PM org.apache.catalina.startup.HostConfig deployWAR
INFO: Deployment of web application archive C:\Users\uday\Desktop\sample proj\SampleBuild\AplicationServer\apache-tomcat-7.0.69\webapps\hello.war has finished in 2,265 ms
Aug 16, 2017 1:05:59 PM org.apache.catalina.startup.HostConfig deployDirectory
INFO: Deploying web application directory C:\Users\uday\Desktop\sample proj\SampleBuild\AplicationServer\apache-tomcat-7.0.69\webapps\docs
Aug 16, 2017 1:05:59 PM org.apache.catalina.startup.HostConfig deployDirectory
INFO: Deployment of web application directory C:\Users\uday\Desktop\sample proj\SampleBuild\AplicationServer\apache-tomcat-7.0.69\webapps\docs has finished in 125 ms
Aug 16, 2017 1:05:59 PM org.apache.catalina.startup.HostConfig deployDirectory
INFO: Deploying web application directory C:\Users\uday\Desktop\sample proj\SampleBuild\AplicationServer\apache-tomcat-7.0.69\webapps\examples
Aug 16, 2017 1:06:03 PM org.apache.catalina.startup.HostConfig deployDirectory
INFO: Deployment of web application directory C:\Users\uday\Desktop\sample proj\SampleBuild\AplicationServer\apache-tomcat-7.0.69\webapps\examples has finished in 3,549 ms
Aug 16, 2017 1:06:03 PM org.apache.catalina.startup.HostConfig deployDirectory
INFO: Deploying web application directory C:\Users\uday\Desktop\sample proj\SampleBuild\AplicationServer\apache-tomcat-7.0.69\webapps\ROOT
Aug 16, 2017 1:06:03 PM org.apache.catalina.startup.HostConfig deployDirectory
INFO: Deployment of web application directory C:\Users\uday\Desktop\sample proj\SampleBuild\AplicationServer\apache-tomcat-7.0.69\webapps\ROOT has finished in 123 ms
Aug 16, 2017 1:06:03 PM org.apache.coyote.AbstractProtocol start
INFO: Starting ProtocolHandler ["http-apr-7070"]
Aug 16, 2017 1:06:03 PM org.apache.coyote.AbstractProtocol start
INFO: Starting ProtocolHandler ["ajp-apr-8009"]
Aug 16, 2017 1:06:03 PM org.apache.catalina.startup.Catalina start
INFO: Server startup in 6513 ms
